2021-10-19 15:31:23,866  INFO [main] CommonBase:73 - Starting Browser
2021-10-19 15:31:25,928  INFO [main] CommonBase:80 - Maximizing the browser
2021-10-19 15:31:26,060  INFO [main] CommonBase:84 - Deleting all cookies
2021-10-19 15:31:26,229  INFO [main] CommonBase:88 - Adding implicit wait
2021-10-19 15:31:26,245  INFO [main] CommonBase:94 - Loading URL
2021-10-19 15:31:47,793  INFO [main] CommonBase:38 - driver initialization
2021-10-19 15:31:47,849  INFO [main] CommonBase:73 - Validate Page Title test case passed
2021-10-19 15:31:47,887 ERROR [main] CommonBase:90 - Assertion Error
2021-10-19 15:31:47,888 ERROR [main] CommonBase:99 - Validate Feature Product list test case failed
2021-10-19 15:31:47,943  INFO [main] CommonBase:125 - validateFeatureProductSort test case passes
2021-10-19 15:31:48,216  INFO [main] CommonBase:104 - http://localhost//shopping/product-details.php?pid=1 => is a valid link
2021-10-19 15:31:48,216 ERROR [main] CommonBase:91 - Micromax 81cm (32) HD Ready LED TV  (32T6175MHD, 2 x HDMI, 2 x USB) => belongs to another domain, skipping it
2021-10-19 15:31:48,458  INFO [main] CommonBase:104 - http://localhost//shopping/product-details.php?pid=2 => is a valid link
2021-10-19 15:31:48,459 ERROR [main] CommonBase:91 - Apple iPhone 6 (Silver, 16 GB) => belongs to another domain, skipping it
2021-10-19 15:31:48,638  INFO [main] CommonBase:104 - http://localhost//shopping/product-details.php?pid=3 => is a valid link
2021-10-19 15:31:48,639 ERROR [main] CommonBase:91 - Redmi Note 4 (Gold, 32 GB)  (With 3 GB RAM) => belongs to another domain, skipping it
2021-10-19 15:31:48,887  INFO [main] CommonBase:104 - http://localhost//shopping/product-details.php?pid=4 => is a valid link
2021-10-19 15:31:48,887 ERROR [main] CommonBase:91 - Lenovo K6 Power (Silver, 32 GB)  => belongs to another domain, skipping it
2021-10-19 15:31:49,120  INFO [main] CommonBase:104 - http://localhost//shopping/product-details.php?pid=5 => is a valid link
2021-10-19 15:31:49,120 ERROR [main] CommonBase:91 - Lenovo Vibe K5 Note (Gold, 32 GB)   => belongs to another domain, skipping it
2021-10-19 15:31:49,347  INFO [main] CommonBase:104 - http://localhost//shopping/product-details.php?pid=6 => is a valid link
2021-10-19 15:31:49,348 ERROR [main] CommonBase:91 - Micromax Canvas Mega 4G => belongs to another domain, skipping it
2021-10-19 15:31:49,509  INFO [main] CommonBase:104 - http://localhost//shopping/product-details.php?pid=7 => is a valid link
2021-10-19 15:31:49,509 ERROR [main] CommonBase:91 - SAMSUNG Galaxy On5 => belongs to another domain, skipping it
2021-10-19 15:31:49,664  INFO [main] CommonBase:104 - http://localhost//shopping/product-details.php?pid=8 => is a valid link
2021-10-19 15:31:49,664 ERROR [main] CommonBase:91 - OPPO A57 => belongs to another domain, skipping it
2021-10-19 15:31:49,821  INFO [main] CommonBase:104 - http://localhost//shopping/product-details.php?pid=9 => is a valid link
2021-10-19 15:31:49,821 ERROR [main] CommonBase:91 - Affix Back Cover for Mi Redmi Note 4 => belongs to another domain, skipping it
2021-10-19 15:31:49,975  INFO [main] CommonBase:104 - http://localhost//shopping/product-details.php?pid=11 => is a valid link
2021-10-19 15:31:49,976 ERROR [main] CommonBase:91 - Acer ES 15 Pentium Quad Core => belongs to another domain, skipping it
2021-10-19 15:31:50,133  INFO [main] CommonBase:104 - http://localhost//shopping/product-details.php?pid=12 => is a valid link
2021-10-19 15:31:50,134 ERROR [main] CommonBase:91 - Micromax Canvas Laptab II (WIFI) Atom 4th Gen => belongs to another domain, skipping it
2021-10-19 15:31:50,286  INFO [main] CommonBase:104 - http://localhost//shopping/product-details.php?pid=13 => is a valid link
2021-10-19 15:31:50,287 ERROR [main] CommonBase:91 - HP Core i5 5th Gen => belongs to another domain, skipping it
2021-10-19 15:31:50,444  INFO [main] CommonBase:104 - http://localhost//shopping/product-details.php?pid=14 => is a valid link
2021-10-19 15:31:50,444 ERROR [main] CommonBase:91 - Lenovo Ideapad 110 APU Quad Core A6 6th Gen => belongs to another domain, skipping it
2021-10-19 15:31:50,625  INFO [main] CommonBase:104 - http://localhost//shopping/product-details.php?pid=15 => is a valid link
2021-10-19 15:31:50,625 ERROR [main] CommonBase:91 - The Wimpy Kid Do -It- Yourself Book => belongs to another domain, skipping it
2021-10-19 15:31:50,797  INFO [main] CommonBase:104 - http://localhost//shopping/product-details.php?pid=16 => is a valid link
2021-10-19 15:31:50,797 ERROR [main] CommonBase:91 - Thea Stilton and the Tropical Treasure  => belongs to another domain, skipping it
2021-10-19 15:31:50,957  INFO [main] CommonBase:104 - http://localhost//shopping/product-details.php?pid=17 => is a valid link
2021-10-19 15:31:50,958 ERROR [main] CommonBase:91 - Induscraft Solid Wood King Bed With Storage => belongs to another domain, skipping it
2021-10-19 15:31:51,121  INFO [main] CommonBase:104 - http://localhost//shopping/product-details.php?pid=18 => is a valid link
2021-10-19 15:31:51,121 ERROR [main] CommonBase:91 - Nilkamal Ursa Metal Queen Bed => belongs to another domain, skipping it
2021-10-19 15:31:51,295  INFO [main] CommonBase:104 - http://localhost//shopping/product-details.php?pid=19 => is a valid link
2021-10-19 15:31:51,295 ERROR [main] CommonBase:91 - Asian Casuals  (White, White) => belongs to another domain, skipping it
2021-10-19 15:31:51,434  INFO [main] CommonBase:104 - http://localhost//shopping/product-details.php?pid=20 => is a valid link
2021-10-19 15:31:51,434 ERROR [main] CommonBase:91 - Adidas MESSI 16.3 TF Football turf Shoes  (Blue) => belongs to another domain, skipping it
2021-10-19 15:31:51,825 ERROR [main] CommonBase:180 - FileNotFoundException
2021-10-19 15:31:51,825  INFO [main] CommonBase:179 - validateFeatureProductList test case passed
2021-10-19 15:31:51,990  INFO [main] CommonBase:104 - http://localhost//shopping/product-details.php?pid=2 => is a valid link
2021-10-19 15:31:51,990 ERROR [main] CommonBase:91 - Apple iPhone 6 (Silver, 16 GB) => belongs to another domain, skipping it
2021-10-19 15:31:52,109  INFO [main] CommonBase:104 - http://localhost//shopping/product-details.php?pid=3 => is a valid link
2021-10-19 15:31:52,109 ERROR [main] CommonBase:91 - Redmi Note 4 (Gold, 32 GB)  (With 3 GB RAM) => belongs to another domain, skipping it
2021-10-19 15:31:52,220  INFO [main] CommonBase:104 - http://localhost//shopping/product-details.php?pid=4 => is a valid link
2021-10-19 15:31:52,220 ERROR [main] CommonBase:91 - Lenovo K6 Power (Silver, 32 GB)  => belongs to another domain, skipping it
2021-10-19 15:31:52,335  INFO [main] CommonBase:104 - http://localhost//shopping/product-details.php?pid=5 => is a valid link
2021-10-19 15:31:52,335 ERROR [main] CommonBase:91 - Lenovo Vibe K5 Note (Gold, 32 GB)   => belongs to another domain, skipping it
2021-10-19 15:31:52,474  INFO [main] CommonBase:104 - http://localhost//shopping/product-details.php?pid=6 => is a valid link
2021-10-19 15:31:52,474 ERROR [main] CommonBase:91 - Micromax Canvas Mega 4G => belongs to another domain, skipping it
2021-10-19 15:31:52,624  INFO [main] CommonBase:104 - http://localhost//shopping/product-details.php?pid=7 => is a valid link
2021-10-19 15:31:52,624 ERROR [main] CommonBase:91 - SAMSUNG Galaxy On5 => belongs to another domain, skipping it
2021-10-19 15:31:52,748  INFO [main] CommonBase:104 - http://localhost//shopping/product-details.php?pid=8 => is a valid link
2021-10-19 15:31:52,748 ERROR [main] CommonBase:91 - OPPO A57 => belongs to another domain, skipping it
2021-10-19 15:31:52,893  INFO [main] CommonBase:104 - http://localhost//shopping/product-details.php?pid=11 => is a valid link
2021-10-19 15:31:52,894 ERROR [main] CommonBase:91 - Acer ES 15 Pentium Quad Core => belongs to another domain, skipping it
2021-10-19 15:31:53,074  INFO [main] CommonBase:104 - http://localhost//shopping/product-details.php?pid=12 => is a valid link
2021-10-19 15:31:53,074 ERROR [main] CommonBase:91 - Micromax Canvas Laptab II (WIFI) Atom 4th Gen => belongs to another domain, skipping it
2021-10-19 15:31:53,211  INFO [main] CommonBase:104 - http://localhost//shopping/product-details.php?pid=13 => is a valid link
2021-10-19 15:31:53,211 ERROR [main] CommonBase:91 - HP Core i5 5th Gen => belongs to another domain, skipping it
2021-10-19 15:31:53,341  INFO [main] CommonBase:104 - http://localhost//shopping/product-details.php?pid=14 => is a valid link
2021-10-19 15:31:53,341 ERROR [main] CommonBase:91 - Lenovo Ideapad 110 APU Quad Core A6 6th Gen => belongs to another domain, skipping it
2021-10-19 15:31:53,369 ERROR [main] CommonBase:180 - FileNotFoundException
2021-10-19 15:31:53,369  INFO [main] CommonBase:243 - validateFeatureProductList test case passed
2021-10-19 15:31:53,511  INFO [main] CommonBase:104 - http://localhost//shopping/product-details.php?pid=2 => is a valid link
2021-10-19 15:31:53,511 ERROR [main] CommonBase:91 - Apple iPhone 6 (Silver, 16 GB) => belongs to another domain, skipping it
2021-10-19 15:31:54,976  INFO [main] CommonBase:104 - http://localhost//shopping/product-details.php?pid=3 => is a valid link
2021-10-19 15:31:54,977 ERROR [main] CommonBase:91 - Redmi Note 4 (Gold, 32 GB)  (With 3 GB RAM) => belongs to another domain, skipping it
2021-10-19 15:31:55,092 ERROR [main] CommonBase:144 - NoAlertPresentException
2021-10-19 15:31:55,477  INFO [main] CommonBase:104 - http://localhost//shopping/product-details.php?pid=4 => is a valid link
2021-10-19 15:31:55,477 ERROR [main] CommonBase:91 - Lenovo K6 Power (Silver, 32 GB)  => belongs to another domain, skipping it
2021-10-19 15:31:56,078  INFO [main] CommonBase:104 - http://localhost//shopping/product-details.php?pid=5 => is a valid link
2021-10-19 15:31:56,078 ERROR [main] CommonBase:91 - Lenovo Vibe K5 Note (Gold, 32 GB)   => belongs to another domain, skipping it
2021-10-19 15:31:56,613  INFO [main] CommonBase:104 - http://localhost//shopping/product-details.php?pid=6 => is a valid link
2021-10-19 15:31:56,614 ERROR [main] CommonBase:91 - Micromax Canvas Mega 4G => belongs to another domain, skipping it
2021-10-19 15:31:57,145  INFO [main] CommonBase:104 - http://localhost//shopping/product-details.php?pid=7 => is a valid link
2021-10-19 15:31:57,146 ERROR [main] CommonBase:91 - SAMSUNG Galaxy On5 => belongs to another domain, skipping it
2021-10-19 15:31:57,673  INFO [main] CommonBase:104 - http://localhost//shopping/product-details.php?pid=8 => is a valid link
2021-10-19 15:31:57,674 ERROR [main] CommonBase:91 - OPPO A57 => belongs to another domain, skipping it
2021-10-19 15:31:58,228  INFO [main] CommonBase:104 - http://localhost//shopping/product-details.php?pid=9 => is a valid link
2021-10-19 15:31:58,229 ERROR [main] CommonBase:91 - Affix Back Cover for Mi Redmi Note 4 => belongs to another domain, skipping it
2021-10-19 15:31:58,785  INFO [main] CommonBase:104 - http://localhost//shopping/product-details.php?pid=11 => is a valid link
2021-10-19 15:31:58,786 ERROR [main] CommonBase:91 - Acer ES 15 Pentium Quad Core => belongs to another domain, skipping it
2021-10-19 15:31:59,468  INFO [main] CommonBase:104 - http://localhost//shopping/product-details.php?pid=12 => is a valid link
2021-10-19 15:31:59,468 ERROR [main] CommonBase:91 - Micromax Canvas Laptab II (WIFI) Atom 4th Gen => belongs to another domain, skipping it
2021-10-19 15:31:59,993  INFO [main] CommonBase:104 - http://localhost//shopping/product-details.php?pid=13 => is a valid link
2021-10-19 15:31:59,994 ERROR [main] CommonBase:91 - HP Core i5 5th Gen => belongs to another domain, skipping it
2021-10-19 15:32:00,516  INFO [main] CommonBase:104 - http://localhost//shopping/product-details.php?pid=14 => is a valid link
2021-10-19 15:32:00,517 ERROR [main] CommonBase:91 - Lenovo Ideapad 110 APU Quad Core A6 6th Gen => belongs to another domain, skipping it
2021-10-19 15:32:01,064  INFO [main] CommonBase:104 - http://localhost//shopping/product-details.php?pid=15 => is a valid link
2021-10-19 15:32:01,064 ERROR [main] CommonBase:91 - The Wimpy Kid Do -It- Yourself Book => belongs to another domain, skipping it
2021-10-19 15:32:01,639  INFO [main] CommonBase:104 - http://localhost//shopping/product-details.php?pid=16 => is a valid link
2021-10-19 15:32:01,640 ERROR [main] CommonBase:91 - Thea Stilton and the Tropical Treasure  => belongs to another domain, skipping it
2021-10-19 15:32:02,201  INFO [main] CommonBase:104 - http://localhost//shopping/product-details.php?pid=17 => is a valid link
2021-10-19 15:32:02,202 ERROR [main] CommonBase:91 - Induscraft Solid Wood King Bed With Storage => belongs to another domain, skipping it
2021-10-19 15:32:02,743  INFO [main] CommonBase:104 - http://localhost//shopping/product-details.php?pid=18 => is a valid link
2021-10-19 15:32:02,744 ERROR [main] CommonBase:91 - Nilkamal Ursa Metal Queen Bed => belongs to another domain, skipping it
2021-10-19 15:32:03,295  INFO [main] CommonBase:104 - http://localhost//shopping/product-details.php?pid=19 => is a valid link
2021-10-19 15:32:03,296 ERROR [main] CommonBase:91 - Asian Casuals  (White, White) => belongs to another domain, skipping it
2021-10-19 15:32:03,861  INFO [main] CommonBase:104 - http://localhost//shopping/product-details.php?pid=20 => is a valid link
2021-10-19 15:32:03,861 ERROR [main] CommonBase:91 - Adidas MESSI 16.3 TF Football turf Shoes  (Blue) => belongs to another domain, skipping it
2021-10-19 15:32:04,396 ERROR [main] CommonBase:180 - FileNotFoundException
2021-10-19 15:32:14,457  INFO [main] CommonBase:309 - 0 products added to cart
2021-10-19 15:32:20,780  INFO [main] CommonBase:312 - 0 products removed from cart
2021-10-19 15:32:21,021  INFO [main] CommonBase:316 - validateFeatureProductList test case passed
2021-10-19 15:33:22,553  INFO [main] CommonBase:51 - driver closed
2021-10-19 15:56:49,331  INFO [main] CommonBase:73 - Starting Browser
2021-10-19 15:56:50,942  INFO [main] CommonBase:80 - Maximizing the browser
2021-10-19 15:56:51,069  INFO [main] CommonBase:84 - Deleting all cookies
2021-10-19 15:56:51,077  INFO [main] CommonBase:88 - Adding implicit wait
2021-10-19 15:56:51,082  INFO [main] CommonBase:94 - Loading URL
2021-10-19 15:56:51,986  INFO [main] CommonBase:36 - Driver initialization
2021-10-19 15:56:52,577 ERROR [main] CommonBase:144 - NoAlertPresentException
2021-10-19 15:56:55,147  INFO [main] CommonBase:243 - 7Products added to cart
2021-10-19 15:56:55,148  INFO [main] CommonBase:39 - 7 Products are already present in the cart as pre-condition
2021-10-19 15:56:55,179  INFO [main] CommonBase:57 - validate cart page title test case execution completed
2021-10-19 15:56:55,383 ERROR [main] CommonBase:74 - Assertion Error
2021-10-19 15:56:55,393  INFO [main] CommonBase:79 - validate Table Head Section List test case execution completed
2021-10-19 15:56:55,493  INFO [main] CommonBase:95 - 7products are present in cart
2021-10-19 15:56:56,778 ERROR [main] CommonBase:180 - FileNotFoundException
2021-10-19 15:56:56,778  INFO [main] CommonBase:112 - validate cart page table test case execution completed
2021-10-19 15:56:57,037  INFO [main] CommonBase:127 - 2 products are removed out of 7 from cart
2021-10-19 15:56:57,039  INFO [main] CommonBase:128 - validate Product Removal From Cart test case execution completed
2021-10-19 15:56:57,190  INFO [main] CommonBase:138 - Grand total before removing any product from cart
2021-10-19 15:56:57,360  INFO [main] CommonBase:142 - Displayed grand total = 51577.0
2021-10-19 15:56:57,361  INFO [main] CommonBase:143 - Claculated grand total = 51577.0
2021-10-19 15:56:57,548  INFO [main] CommonBase:158 - Grand total after removing any product from cart
2021-10-19 15:56:57,763  INFO [main] CommonBase:165 - Displayed grand total = 29534.0
2021-10-19 15:56:57,763  INFO [main] CommonBase:166 - Claculated grand total = 29534.0
2021-10-19 15:56:57,763  INFO [main] CommonBase:173 - validate Updated Grand Total of the Cart test case execution completed
2021-10-19 15:56:57,871  INFO [main] CommonBase:184 - Tried to set invalid quantities
2021-10-19 15:56:58,305  INFO [main] CommonBase:46 - Driver closed
